#
# There is insufficient memory for the Java Runtime Environment to continue.
# Native memory allocation (malloc) failed to allocate 364720 bytes for Chunk::new
# Possible reasons:
#   The system is out of physical RAM or swap space
#   In 32 bit mode, the process size limit was hit
# Possible solutions:
#   Reduce memory load on the system
#   Increase physical memory or swap space
#   Check if swap backing store is full
#   Use 64 bit Java on a 64 bit OS
#   Decrease Java heap size (-Xmx/-Xms)
#   Decrease number of Java threads
#   Decrease Java thread stack sizes (-Xss)
#   Set larger code cache with -XX:ReservedCodeCacheSize=
# This output file may be truncated or incomplete.
#
#  Out of Memory Error (allocation.cpp:390), pid=2848, tid=0x00000000000009c0
#
# JRE version: Java(TM) SE Runtime Environment (8.0_181-b13) (build 1.8.0_181-b13)
# Java VM: Java HotSpot(TM) 64-Bit Server VM (25.181-b13 mixed mode windows-amd64 compressed oops)
# Failed to write core dump. Minidumps are not enabled by default on client versions of Windows
#

---------------  T H R E A D  ---------------

Current thread (0x000000001796d000):  JavaThread "C2 CompilerThread0" daemon [_thread_in_native, id=2496, stack(0x0000000019270000,0x0000000019370000)]

Stack: [0x0000000019270000,0x0000000019370000]
[error occurred during error reporting (printing stack bounds), id 0xc0000005]

Native frames: (J=compiled Java code, j=interpreted, Vv=VM code, C=native code)


Current CompileTask:
C2:   8162 2636       4       groovy.lang.MetaClassImpl$1MOPIter::methodNameAction (479 bytes)


---------------  P R O C E S S  ---------------

Java Threads: ( => current thread )
  0x000000001bc01000 JavaThread "build operations Thread 4" [_thread_blocked, id=9388, stack(0x0000000020f80000,0x0000000021080000)]
  0x000000001bbfc800 JavaThread "build operations Thread 3" [_thread_blocked, id=11176, stack(0x000000001fd20000,0x000000001fe20000)]
  0x000000001bbff800 JavaThread "build operations Thread 2" [_thread_blocked, id=4932, stack(0x000000001fc20000,0x000000001fd20000)]
  0x000000001bbfe800 JavaThread "build operations" [_thread_blocked, id=13360, stack(0x000000001fb20000,0x000000001fc20000)]
  0x000000001bbfb800 JavaThread "Cache worker for Artifact transforms cache (C:\Users\Administrator\.gradle\caches\transforms-1)" [_thread_blocked, id=12580, stack(0x000000001f380000,0x000000001f480000)]
  0x000000001a7dd000 JavaThread "Cache worker for file hash cache (E:\work\house_keeper_service_end\src-cordova\platforms\android\.gradle\4.1\fileHashes)" [_thread_blocked, id=2832, stack(0x000000001d0e0000,0x000000001d1e0000)]
  0x000000001a7dc000 JavaThread "File lock request listener" [_thread_in_native, id=2332, stack(0x000000001cfe0000,0x000000001d0e0000)]
  0x000000001a7db800 JavaThread "Cache worker for file hash cache (C:\Users\Administrator\.gradle\caches\4.1\fileHashes)" [_thread_blocked, id=13652, stack(0x000000001cee0000,0x000000001cfe0000)]
  0x000000001a9c6000 JavaThread "Stdin handler" [_thread_blocked, id=4908, stack(0x000000001cbe0000,0x000000001cce0000)]
  0x000000001a9c3800 JavaThread "Asynchronous log dispatcher for DefaultDaemonConnection: socket connection from /127.0.0.1:58455 to /127.0.0.1:58456" [_thread_blocked, id=8108, stack(0x000000001cae0000,0x000000001cbe0000)]
  0x000000001a9cb800 JavaThread "Daemon worker" [_thread_in_vm, id=8572, stack(0x000000001c9e0000,0x000000001cae0000)]
  0x000000001a9ca800 JavaThread "Cancel handler" [_thread_blocked, id=5048, stack(0x000000001c8e0000,0x000000001c9e0000)]
  0x0000000019efd800 JavaThread "Handler for socket connection from /127.0.0.1:58455 to /127.0.0.1:58456" [_thread_in_native, id=8276, stack(0x000000001c5e0000,0x000000001c6e0000)]
  0x000000001ac00800 JavaThread "Daemon" [_thread_blocked, id=1776, stack(0x000000001c4e0000,0x000000001c5e0000)]
  0x000000001af37800 JavaThread "Daemon periodic checks" [_thread_blocked, id=9284, stack(0x000000001c3e0000,0x000000001c4e0000)]
  0x000000001a38e000 JavaThread "Incoming local TCP Connector on port 58455" [_thread_in_native, id=11688, stack(0x000000001c240000,0x000000001c340000)]
  0x000000001b070800 JavaThread "Daemon health stats" [_thread_blocked, id=13204, stack(0x000000001af40000,0x000000001b040000)]
  0x0000000018cfe800 JavaThread "Service Thread" daemon [_thread_blocked, id=8804, stack(0x0000000019570000,0x0000000019670000)]
  0x0000000018c7f000 JavaThread "C1 CompilerThread2" daemon [_thread_blocked, id=7176, stack(0x0000000019470000,0x0000000019570000)]
  0x0000000018c7c800 JavaThread "C2 CompilerThread1" daemon [_thread_in_native, id=6564, stack(0x0000000019370000,0x0000000019470000)]
=>0x000000001796d000 JavaThread "C2 CompilerThread0" daemon [_thread_in_native, id=2496, stack(0x0000000019270000,0x0000000019370000)]
  0x0000000018c78800 JavaThread "Attach Listener" daemon [_thread_blocked, id=13444, stack(0x0000000019170000,0x0000000019270000)]
  0x0000000017920800 JavaThread "Signal Dispatcher" daemon [_thread_blocked, id=12564, stack(0x0000000019070000,0x0000000019170000)]
  0x0000000002cec800 JavaThread "Finalizer" daemon [_thread_blocked, id=13600, stack(0x0000000018b70000,0x0000000018c70000)]
  0x00000000178d9000 JavaThread "Reference Handler" daemon [_thread_blocked, id=9468, stack(0x0000000018a70000,0x0000000018b70000)]
  0x0000000002bf2800 JavaThread "main" [_thread_blocked, id=11156, stack(0x00000000026b0000,0x00000000027b0000)]

Other Threads:
  0x00000000178d8000 VMThread [stack: 0x0000000018970000,0x0000000018a70000] [id=9660]
  0x0000000018d26800 WatcherThread [stack: 0x0000000019670000,0x0000000019770000] [id=12940]

VM state:not at safepoint (normal execution)

VM Mutex/Monitor currently owned by a thread: None

Heap:
 PSYoungGen      total 71680K, used 10636K [0x00000000d5580000, 0x00000000da080000, 0x0000000100000000)
  eden space 66560K, 8% used [0x00000000d5580000,0x00000000d5ae6018,0x00000000d9680000)
  from space 5120K, 99% used [0x00000000d9b80000,0x00000000da07d030,0x00000000da080000)
  to   space 5120K, 0% used [0x00000000d9680000,0x00000000d9680000,0x00000000d9b80000)
 ParOldGen       total 68608K, used 15397K [0x0000000080000000, 0x0000000084300000, 0x00000000d5580000)
  object space 68608K, 22% used [0x0000000080000000,0x0000000080f09640,0x0000000084300000)
 Metaspace       used 29554K, capacity 30354K, committed 30640K, reserved 1075200K
  class space    used 4217K, capacity 4488K, committed 4528K, reserved 1048576K

Card table byte_map: [0x00000000120b0000,0x00000000124c0000] byte_map_base: 0x0000000011cb0000

Marking Bits: (ParMarkBitMap*) 0x00000000710b2d00
 Begin Bits: [0x0000000012b70000, 0x0000000014b70000)
 End Bits:   [0x0000000014b70000, 0x0000000016b70000)

Polling page: 0x0000000000a60000

CodeCache: size=245760Kb used=9434Kb max_used=9444Kb free=236325Kb
 bounds [0x0000000002cf0000, 0x0000000003640000, 0x0000000011cf0000]
 total_blobs=3530 nmethods=2869 adapters=572
 compilation: enabled

Compilation events (10 events):
Event: 8.137 Thread 0x0000000018c7c800 nmethod 3030 0x0000000003631c10 code [0x0000000003631e80, 0x0000000003633db0]
Event: 8.137 Thread 0x0000000018c7c800 3090       4       sun.misc.URLClassPath::getResource (83 bytes)
Event: 8.138 Thread 0x0000000018c7f000 3096       3       sun.reflect.generics.tree.TypeVariableSignature::make (9 bytes)
Event: 8.138 Thread 0x0000000018c7f000 nmethod 3096 0x0000000003111390 code [0x0000000003111500, 0x0000000003111750]
Event: 8.138 Thread 0x0000000018c7f000 3098       3       sun.reflect.generics.visitor.Reifier::reifyTypeArguments (38 bytes)
Event: 8.139 Thread 0x0000000018c7f000 nmethod 3098 0x0000000003624a50 code [0x0000000003624be0, 0x00000000036250c8]
Event: 8.139 Thread 0x0000000018c7f000 3097       3       sun.reflect.generics.tree.TypeVariableSignature::<init> (10 bytes)
Event: 8.139 Thread 0x0000000018c7f000 nmethod 3097 0x0000000002f350d0 code [0x0000000002f35220, 0x0000000002f353f0]
Event: 8.143 Thread 0x0000000018c7f000 3099       3       groovy.lang.MetaClassImpl::copyNonPrivateFields (7 bytes)
Event: 8.144 Thread 0x0000000018c7f000 nmethod 3099 0x00000000036246d0 code [0x0000000003624840, 0x00000000036249a8]

GC Heap History (10 events):
Event: 3.794 GC heap before
{Heap before GC invocations=3 (full 0):
 PSYoungGen      total 38400K, used 38381K [0x00000000d5580000, 0x00000000d8000000, 0x0000000100000000)
  eden space 33280K, 100% used [0x00000000d5580000,0x00000000d7600000,0x00000000d7600000)
  from space 5120K, 99% used [0x00000000d7b00000,0x00000000d7ffb4b0,0x00000000d8000000)
  to   space 5120K, 0% used [0x00000000d7600000,0x00000000d7600000,0x00000000d7b00000)
 ParOldGen       total 87552K, used 952K [0x0000000080000000, 0x0000000085580000, 0x00000000d5580000)
  object space 87552K, 1% used [0x0000000080000000,0x00000000800ee3b8,0x0000000085580000)
 Metaspace       used 15386K, capacity 15782K, committed 16000K, reserved 1062912K
  class space    used 2222K, capacity 2341K, committed 2432K, reserved 1048576K
Event: 3.821 GC heap after
Heap after GC invocations=3 (full 0):
 PSYoungGen      total 38400K, used 5096K [0x00000000d5580000, 0x00000000da080000, 0x0000000100000000)
  eden space 33280K, 0% used [0x00000000d5580000,0x00000000d5580000,0x00000000d7600000)
  from space 5120K, 99% used [0x00000000d7600000,0x00000000d7afa040,0x00000000d7b00000)
  to   space 5120K, 0% used [0x00000000d9b80000,0x00000000d9b80000,0x00000000da080000)
 ParOldGen       total 87552K, used 3965K [0x0000000080000000, 0x0000000085580000, 0x00000000d5580000)
  object space 87552K, 4% used [0x0000000080000000,0x00000000803df730,0x0000000085580000)
 Metaspace       used 15386K, capacity 15782K, committed 16000K, reserved 1062912K
  class space    used 2222K, capacity 2341K, committed 2432K, reserved 1048576K
}
Event: 5.126 GC heap before
{Heap before GC invocations=4 (full 0):
 PSYoungGen      total 38400K, used 34984K [0x00000000d5580000, 0x00000000da080000, 0x0000000100000000)
  eden space 33280K, 89% used [0x00000000d5580000,0x00000000d72b02e8,0x00000000d7600000)
  from space 5120K, 99% used [0x00000000d7600000,0x00000000d7afa040,0x00000000d7b00000)
  to   space 5120K, 0% used [0x00000000d9b80000,0x00000000d9b80000,0x00000000da080000)
 ParOldGen       total 87552K, used 3965K [0x0000000080000000, 0x0000000085580000, 0x00000000d5580000)
  object space 87552K, 4% used [0x0000000080000000,0x00000000803df730,0x0000000085580000)
 Metaspace       used 20883K, capacity 21202K, committed 21296K, reserved 1067008K
  class space    used 2946K, capacity 3080K, committed 3120K, reserved 1048576K
Event: 5.161 GC heap after
Heap after GC invocations=4 (full 0):
 PSYoungGen      total 71680K, used 5112K [0x00000000d5580000, 0x00000000da080000, 0x0000000100000000)
  eden space 66560K, 0% used [0x00000000d5580000,0x00000000d5580000,0x00000000d9680000)
  from space 5120K, 99% used [0x00000000d9b80000,0x00000000da07e040,0x00000000da080000)
  to   space 5120K, 0% used [0x00000000d9680000,0x00000000d9680000,0x00000000d9b80000)
 ParOldGen       total 87552K, used 8567K [0x0000000080000000, 0x0000000085580000, 0x00000000d5580000)
  object space 87552K, 9% used [0x0000000080000000,0x000000008085dcf8,0x0000000085580000)
 Metaspace       used 20883K, capacity 21202K, committed 21296K, reserved 1067008K
  class space    used 2946K, capacity 3080K, committed 3120K, reserved 1048576K
}
Event: 5.161 GC heap before
{Heap before GC invocations=5 (full 1):
 PSYoungGen      total 71680K, used 5112K [0x00000000d5580000, 0x00000000da080000, 0x0000000100000000)
  eden space 66560K, 0% used [0x00000000d5580000,0x00000000d5580000,0x00000000d9680000)
  from space 5120K, 99% used [0x00000000d9b80000,0x00000000da07e040,0x00000000da080000)
  to   space 5120K, 0% used [0x00000000d9680000,0x00000000d9680000,0x00000000d9b80000)
 ParOldGen       total 87552K, used 8567K [0x0000000080000000, 0x0000000085580000, 0x00000000d5580000)
  object space 87552K, 9% used [0x0000000080000000,0x000000008085dcf8,0x0000000085580000)
 Metaspace       used 20883K, capacity 21202K, committed 21296K, reserved 1067008K
  class space    used 2946K, capacity 3080K, committed 3120K, reserved 1048576K
Event: 5.301 GC heap after
Heap after GC invocations=5 (full 1):
 PSYoungGen      total 71680K, used 0K [0x00000000d5580000, 0x00000000da080000, 0x0000000100000000)
  eden space 66560K, 0% used [0x00000000d5580000,0x00000000d5580000,0x00000000d9680000)
  from space 5120K, 0% used [0x00000000d9b80000,0x00000000d9b80000,0x00000000da080000)
  to   space 5120K, 0% used [0x00000000d9680000,0x00000000d9680000,0x00000000d9b80000)
 ParOldGen       total 68608K, used 9500K [0x0000000080000000, 0x0000000084300000, 0x00000000d5580000)
  object space 68608K, 13% used [0x0000000080000000,0x0000000080947310,0x0000000084300000)
 Metaspace       used 20883K, capacity 21202K, committed 21296K, reserved 1067008K
  class space    used 2946K, capacity 3080K, committed 3120K, reserved 1048576K
}
Event: 6.594 GC heap before
{Heap before GC invocations=6 (full 1):
 PSYoungGen      total 71680K, used 66560K [0x00000000d5580000, 0x00000000da080000, 0x0000000100000000)
  eden space 66560K, 100% used [0x00000000d5580000,0x00000000d9680000,0x00000000d9680000)
  from space 5120K, 0% used [0x00000000d9b80000,0x00000000d9b80000,0x00000000da080000)
  to   space 5120K, 0% used [0x00000000d9680000,0x00000000d9680000,0x00000000d9b80000)
 ParOldGen       total 68608K, used 9500K [0x0000000080000000, 0x0000000084300000, 0x00000000d5580000)
  object space 68608K, 13% used [0x0000000080000000,0x0000000080947310,0x0000000084300000)
 Metaspace       used 26052K, capacity 26498K, committed 26672K, reserved 1073152K
  class space    used 3650K, capacity 3798K, committed 3888K, reserved 1048576K
Event: 6.622 GC heap after
Heap after GC invocations=6 (full 1):
 PSYoungGen      total 71680K, used 5105K [0x00000000d5580000, 0x00000000da080000, 0x0000000100000000)
  eden space 66560K, 0% used [0x00000000d5580000,0x00000000d5580000,0x00000000d9680000)
  from space 5120K, 99% used [0x00000000d9680000,0x00000000d9b7c748,0x00000000d9b80000)
  to   space 5120K, 0% used [0x00000000d9b80000,0x00000000d9b80000,0x00000000da080000)
 ParOldGen       total 68608K, used 11016K [0x0000000080000000, 0x0000000084300000, 0x00000000d5580000)
  object space 68608K, 16% used [0x0000000080000000,0x0000000080ac2250,0x0000000084300000)
 Metaspace       used 26052K, capacity 26498K, committed 26672K, reserved 1073152K
  class space    used 3650K, capacity 3798K, committed 3888K, reserved 1048576K
}
Event: 7.991 GC heap before
{Heap before GC invocations=7 (full 1):
 PSYoungGen      total 71680K, used 71665K [0x00000000d5580000, 0x00000000da080000, 0x0000000100000000)
  eden space 66560K, 100% used [0x00000000d5580000,0x00000000d9680000,0x00000000d9680000)
  from space 5120K, 99% used [0x00000000d9680000,0x00000000d9b7c748,0x00000000d9b80000)
  to   space 5120K, 0% used [0x00000000d9b80000,0x00000000d9b80000,0x00000000da080000)
 ParOldGen       total 68608K, used 11016K [0x0000000080000000, 0x0000000084300000, 0x00000000d5580000)
  object space 68608K, 16% used [0x0000000080000000,0x0000000080ac2250,0x0000000084300000)
 Metaspace       used 29284K, capacity 29988K, committed 30128K, reserved 1075200K
  class space    used 4158K, capacity 4402K, committed 4528K, reserved 1048576K
Event: 8.005 GC heap after
Heap after GC invocations=7 (full 1):
 PSYoungGen      total 71680K, used 5108K [0x00000000d5580000, 0x00000000da080000, 0x0000000100000000)
  eden space 66560K, 0% used [0x00000000d5580000,0x00000000d5580000,0x00000000d9680000)
  from space 5120K, 99% used [0x00000000d9b80000,0x00000000da07d030,0x00000000da080000)
  to   space 5120K, 0% used [0x00000000d9680000,0x00000000d9680000,0x00000000d9b80000)
 ParOldGen       total 68608K, used 15397K [0x0000000080000000, 0x0000000084300000, 0x00000000d5580000)
  object space 68608K, 22% used [0x0000000080000000,0x0000000080f09640,0x0000000084300000)
 Metaspace       used 29284K, capacity 29988K, committed 30128K, reserved 1075200K
  class space    used 4158K, capacity 4402K, committed 4528K, reserved 1048576K
}

Deoptimization events (10 events):
Event: 6.340 Thread 0x000000001a9cb800 Uncommon trap: reason=unstable_if action=reinterpret pc=0x0000000002f6d64c method=java.io.WinNTFileSystem.resolve(Ljava/lang/String;Ljava/lang/String;)Ljava/lang/String; @ 49
Event: 7.337 Thread 0x000000001bbfe800 Uncommon trap: reason=unstable_if action=reinterpret pc=0x00000000033a806c method=java.util.concurrent.ConcurrentHashMap.addCount(JI)V @ 168
Event: 7.339 Thread 0x000000001bbfc800 Uncommon trap: reason=unstable_if action=reinterpret pc=0x00000000032d1454 method=java.util.concurrent.ConcurrentHashMap.addCount(JI)V @ 168
Event: 7.340 Thread 0x000000001bbfc800 Uncommon trap: reason=unstable_if action=reinterpret pc=0x00000000034e62b4 method=java.util.concurrent.ConcurrentHashMap.get(Ljava/lang/Object;)Ljava/lang/Object; @ 86
Event: 7.566 Thread 0x000000001a9cb800 Uncommon trap: reason=unstable_if action=reinterpret pc=0x0000000003495cd0 method=java.net.URLClassLoader.isSealed(Ljava/lang/String;Ljava/util/jar/Manifest;)Z @ 26
Event: 7.566 Thread 0x000000001a9cb800 Uncommon trap: reason=unstable_if action=reinterpret pc=0x000000000346cb98 method=java.net.URLClassLoader.isSealed(Ljava/lang/String;Ljava/util/jar/Manifest;)Z @ 26
Event: 8.031 Thread 0x000000001a9cb800 Uncommon trap: reason=class_check action=maybe_recompile pc=0x0000000003598f78 method=org.codehaus.groovy.reflection.ParameterTypes.getParametersTypes0()V @ 16
Event: 8.117 Thread 0x000000001a9cb800 Uncommon trap: reason=class_check action=maybe_recompile pc=0x0000000003598f78 method=org.codehaus.groovy.reflection.ParameterTypes.getParametersTypes0()V @ 16
Event: 8.118 Thread 0x000000001a9cb800 Uncommon trap: reason=class_check action=maybe_recompile pc=0x0000000003598f78 method=org.codehaus.groovy.reflection.ParameterTypes.getParametersTypes0()V @ 16
Event: 8.118 Thread 0x000000001a9cb800 Uncommon trap: reason=class_check action=maybe_recompile pc=0x0000000003598f78 method=org.codehaus.groovy.reflection.ParameterTypes.getParametersTypes0()V @ 16

Classes redefined (0 events):
No events

Internal exceptions (10 events):
Event: 8.112 Thread 0x000000001a9cb800 Exception <a 'java/lang/ClassNotFoundException': java/lang/SystemCustomizer> (0x00000000d594a898) thrown at [C:\re\workspace\8-2-build-windows-amd64-cygwin\jdk8u181\11358\hotspot\src\share\vm\classfile\systemDictionary.cpp, line 210]
Event: 8.122 Thread 0x000000001a9cb800 Exception <a 'java/lang/ClassNotFoundException': groovy/runtime/metaclass/[Ljava/lang/String;MetaClass> (0x00000000d598ea80) thrown at [C:\re\workspace\8-2-build-windows-amd64-cygwin\jdk8u181\11358\hotspot\src\share\vm\prims\jni.cpp, line 735]
Event: 8.123 Thread 0x000000001a9cb800 Exception <a 'java/lang/ClassNotFoundException': [Ljava/lang/String;BeanInfo> (0x00000000d5995770) thrown at [C:\re\workspace\8-2-build-windows-amd64-cygwin\jdk8u181\11358\hotspot\src\share\vm\prims\jni.cpp, line 735]
Event: 8.123 Thread 0x000000001a9cb800 Exception <a 'java/lang/ClassNotFoundException': [Ljava/lang/String;BeanInfo> (0x00000000d5996550) thrown at [C:\re\workspace\8-2-build-windows-amd64-cygwin\jdk8u181\11358\hotspot\src\share\vm\prims\jni.cpp, line 735]
Event: 8.123 Thread 0x000000001a9cb800 Exception <a 'java/lang/ClassNotFoundException': [Ljava/lang/String;Customizer> (0x00000000d5997508) thrown at [C:\re\workspace\8-2-build-windows-amd64-cygwin\jdk8u181\11358\hotspot\src\share\vm\prims\jni.cpp, line 735]
Event: 8.123 Thread 0x000000001a9cb800 Exception <a 'java/lang/ClassNotFoundException': [Ljava/lang/String;Customizer> (0x00000000d59982f0) thrown at [C:\re\workspace\8-2-build-windows-amd64-cygwin\jdk8u181\11358\hotspot\src\share\vm\prims\jni.cpp, line 735]
Event: 8.133 Thread 0x000000001a9cb800 Exception <a 'java/lang/ClassNotFoundException': java/util/ArrayListBeanInfo> (0x00000000d5a03998) thrown at [C:\re\workspace\8-2-build-windows-amd64-cygwin\jdk8u181\11358\hotspot\src\share\vm\classfile\systemDictionary.cpp, line 210]
Event: 8.134 Thread 0x000000001a9cb800 Exception <a 'java/lang/ClassNotFoundException': java/util/AbstractListBeanInfo> (0x00000000d5a149e8) thrown at [C:\re\workspace\8-2-build-windows-amd64-cygwin\jdk8u181\11358\hotspot\src\share\vm\classfile\systemDictionary.cpp, line 210]
Event: 8.134 Thread 0x000000001a9cb800 Exception <a 'java/lang/ClassNotFoundException': java/util/AbstractListCustomizer> (0x00000000d5a264c0) thrown at [C:\re\workspace\8-2-build-windows-amd64-cygwin\jdk8u181\11358\hotspot\src\share\vm\classfile\systemDictionary.cpp, line 210]
Event: 8.137 Thread 0x000000001a9cb800 Exception <a 'java/lang/ClassNotFoundException': java/util/ArrayListCustomizer> (0x00000000d5a45538) thrown at [C:\re\workspace\8-2-build-windows-amd64-cygwin\jdk8u181\11358\hotspot\src\share\vm\classfile\systemDictionary.cpp, line 210]

Events (10 events):
Event: 8.134 loading class java/util/AbstractListCustomizer
Event: 8.134 loading class java/util/AbstractListCustomizer done
Event: 8.136 loading class java/util/ArrayListCustomizer
Event: 8.136 loading class java/util/ArrayListCustomizer done
Event: 8.137 loading class java/util/ArrayListCustomizer
Event: 8.137 loading class java/util/ArrayListCustomizer done
Event: 8.144 loading class org/codehaus/groovy/runtime/dgm$564
Event: 8.144 loading class org/codehaus/groovy/runtime/dgm$564 done
Event: 8.145 loading class org/codehaus/groovy/runtime/dgm$565
Event: 8.145 loading class org/codehaus/groovy/runtime/dgm$565 done


Dynamic libraries:
0x00007ff688670000 - 0x00007ff6886a7000 	C:\Program Files\Java\jdk1.8.0_181\bin\java.exe
0x00007ffc81c30000 - 0x00007ffc81e00000 	C:\Windows\SYSTEM32\ntdll.dll
0x00007ffc815f0000 - 0x00007ffc8169c000 	C:\Windows\System32\KERNEL32.DLL
0x00007ffc7e400000 - 0x00007ffc7e61d000 	C:\Windows\System32\KERNELBASE.dll
0x00007ffc7f680000 - 0x00007ffc7f722000 	C:\Windows\System32\ADVAPI32.dll
0x00007ffc7f2a0000 - 0x00007ffc7f33e000 	C:\Windows\System32\msvcrt.dll
0x00007ffc81a30000 - 0x00007ffc81a89000 	C:\Windows\System32\sechost.dll
0x00007ffc814c0000 - 0x00007ffc815e1000 	C:\Windows\System32\RPCRT4.dll
0x00007ffc7f870000 - 0x00007ffc7f9d5000 	C:\Windows\System32\USER32.dll
0x00007ffc7e070000 - 0x00007ffc7e08e000 	C:\Windows\System32\win32u.dll
0x00007ffc7f030000 - 0x00007ffc7f064000 	C:\Windows\System32\GDI32.dll
0x00007ffc7e270000 - 0x00007ffc7e3f1000 	C:\Windows\System32\gdi32full.dll
0x00007ffc76350000 - 0x00007ffc765ca000 	C:\Windows\WinSxS\amd64_microsoft.windows.common-controls_6595b64144ccf1df_6.0.14393.2273_none_7de240fc83403786\COMCTL32.dll
0x00007ffc81760000 - 0x00007ffc81a28000 	C:\Windows\System32\combase.dll
0x00007ffc7ed30000 - 0x00007ffc7ee25000 	C:\Windows\System32\ucrtbase.dll
0x00007ffc7ee30000 - 0x00007ffc7ee9a000 	C:\Windows\System32\bcryptPrimitives.dll
0x00007ffc7f000000 - 0x00007ffc7f02e000 	C:\Windows\System32\IMM32.DLL
0x0000000071140000 - 0x0000000071212000 	C:\Program Files\Java\jdk1.8.0_181\jre\bin\msvcr100.dll
0x0000000070890000 - 0x0000000071132000 	C:\Program Files\Java\jdk1.8.0_181\jre\bin\server\jvm.dll
0x00007ffc7ed00000 - 0x00007ffc7ed23000 	C:\Windows\System32\WINMM.dll
0x00007ffc7de80000 - 0x00007ffc7deab000 	C:\Windows\System32\WINMMBASE.dll
0x00007ffc76c20000 - 0x00007ffc76c29000 	C:\Windows\SYSTEM32\WSOCK32.dll
0x00007ffc7ef50000 - 0x00007ffc7ef92000 	C:\Windows\System32\cfgmgr32.dll
0x00007ffc7f610000 - 0x00007ffc7f67a000 	C:\Windows\System32\WS2_32.dll
0x00007ffc7fe10000 - 0x00007ffc7fe18000 	C:\Windows\System32\PSAPI.DLL
0x00007ffc73b80000 - 0x00007ffc73b8a000 	C:\Windows\SYSTEM32\VERSION.dll
0x0000000070880000 - 0x000000007088f000 	C:\Program Files\Java\jdk1.8.0_181\jre\bin\verify.dll
0x0000000070850000 - 0x0000000070879000 	C:\Program Files\Java\jdk1.8.0_181\jre\bin\java.dll
0x0000000070830000 - 0x0000000070846000 	C:\Program Files\Java\jdk1.8.0_181\jre\bin\zip.dll
0x00007ffc7fe20000 - 0x00007ffc81325000 	C:\Windows\System32\SHELL32.dll
0x00007ffc7e620000 - 0x00007ffc7ecf9000 	C:\Windows\System32\windows.storage.dll
0x00007ffc7df70000 - 0x00007ffc7dfbc000 	C:\Windows\System32\powrprof.dll
0x00007ffc7f110000 - 0x00007ffc7f162000 	C:\Windows\System32\shlwapi.dll
0x00007ffc7deb0000 - 0x00007ffc7debf000 	C:\Windows\System32\kernel.appcore.dll
0x00007ffc7eea0000 - 0x00007ffc7ef49000 	C:\Windows\System32\shcore.dll
0x00007ffc7de60000 - 0x00007ffc7de74000 	C:\Windows\System32\profapi.dll
0x0000000070810000 - 0x000000007082a000 	C:\Program Files\Java\jdk1.8.0_181\jre\bin\net.dll
0x00007ffc7d730000 - 0x00007ffc7d78c000 	C:\Windows\system32\mswsock.dll
0x00000000707f0000 - 0x0000000070801000 	C:\Program Files\Java\jdk1.8.0_181\jre\bin\nio.dll
0x00007ffc76ac0000 - 0x00007ffc76ade000 	C:\Users\Administrator\.gradle\native\25\windows-amd64\native-platform.dll
0x00000000707e0000 - 0x00000000707ed000 	C:\Program Files\Java\jdk1.8.0_181\jre\bin\management.dll
0x00007ffc7d8d0000 - 0x00007ffc7d8e7000 	C:\Windows\SYSTEM32\CRYPTSP.dll
0x00007ffc7d330000 - 0x00007ffc7d363000 	C:\Windows\system32\rsaenh.dll
0x00007ffc7dda0000 - 0x00007ffc7ddcb000 	C:\Windows\SYSTEM32\bcrypt.dll
0x00007ffc7d5b0000 - 0x00007ffc7d5cf000 	C:\Windows\SYSTEM32\USERENV.dll
0x00007ffc7d8f0000 - 0x00007ffc7d8fb000 	C:\Windows\SYSTEM32\CRYPTBASE.dll
0x00007ffc7d4b0000 - 0x00007ffc7d4e8000 	C:\Windows\SYSTEM32\IPHLPAPI.DLL
0x00007ffc81330000 - 0x00007ffc81338000 	C:\Windows\System32\NSI.dll
0x00007ffc743e0000 - 0x00007ffc743f6000 	C:\Windows\SYSTEM32\dhcpcsvc6.DLL
0x00007ffc74690000 - 0x00007ffc746aa000 	C:\Windows\SYSTEM32\dhcpcsvc.DLL

VM Arguments:
jvm_args: -Xmx2048m -Dfile.encoding=GBK -Duser.country=CN -Duser.language=zh -Duser.variant 
java_command: org.gradle.launcher.daemon.bootstrap.GradleDaemon 4.1
java_class_path (initial): C:\Users\Administrator\.gradle\wrapper\dists\gradle-4.1-all\bzyivzo6n839fup2jbap0tjew\gradle-4.1\lib\gradle-launcher-4.1.jar
Launcher Type: SUN_STANDARD

Environment Variables:
JAVA_HOME=C:\Program Files\Java\jdk1.8.0_181
CLASSPATH=E:\work\house_keeper_service_end\src-cordova\platforms\android\\gradle\wrapper\gradle-wrapper.jar
PATH=C:\Program Files (x86)\Common Files\Oracle\Java\javapath;C:\Windows\system32;C:\Windows;C:\Windows\System32\Wbem;C:\Windows\System32\WindowsPowerShell\v1.0\;:\”¶”√\Git\cmd;C;\Program Files\nodejs\;C:\Program Files\Git\cmd;E:\svn\bin;C:\Program Files (x86)\NVIDIA Corporation\PhysX\Common;C:\Program Files\NVIDIA Corporation\NVIDIA NvDLISR;%android_dev%;D:\application\apache-tomcat-9.0.19-windows-x64\apache-tomcat-9.0.19\bin;D:\application\nodejs\;%CNPM_PATH%;D:\application\nodejs\node_modules;C:\Program Files\Calibre2\;C:\Program Files (x86)\Yarn\bin\;C:\Program Files (x86)\Common Files\Thunder Network\KanKan\Codecs;E:\AndroidSDK\tools;F:\gradle\gradle-4.10.3\bin\;C:\Program Files\Java\jdk1.8.0_181\bin;C:\Program Files\Java\jdk1.8.0_181\jre\bin;E:\AndroidSDK\tools\bin;C:\flutter\bin;C:\flutter\bin;;D:\application\vscode\Microsoft VS Code\bin;E:\AndroidSDK\platform-tools;E:\AndroidSDK\tools\bin
USERNAME=Administrator
OS=Windows_NT
PROCESSOR_IDENTIFIER=Intel64 Family 6 Model 60 Stepping 3, GenuineIntel



---------------  S Y S T E M  ---------------

OS: Windows 10.0 , 64 bit Build 14393 (10.0.14393.2214)

CPU:total 4 (initial active 4) (2 cores per cpu, 2 threads per core) family 6 model 60 stepping 3, cmov, cx8, fxsr, mmx, sse, sse2, sse3, ssse3, sse4.1, sse4.2, popcnt, avx, avx2, aes, clmul, erms, lzcnt, ht, tsc, tscinvbit, bmi1, bmi2

Memory: 4k page, physical 8267476k(1135424k free), swap 8267476k(5544k free)

vm_info: Java HotSpot(TM) 64-Bit Server VM (25.181-b13) for windows-amd64 JRE (1.8.0_181-b13), built on Jul  7 2018 04:01:33 by "java_re" with MS VC++ 10.0 (VS2010)

time: Mon Dec 30 17:37:18 2019
elapsed time: 8 seconds (0d 0h 0m 8s)

